<?xml version="1.0" encoding="UTF-8"?>
<!-- Generated by org.testng.reporters.JUnitXMLReporter -->
<testsuite ignored="0" hostname="DESKTOP-7S66NTI" failures="0" tests="3" name="Default test" time="57.586" errors="0" timestamp="2025-05-20T13:17:48 IST">
  <testcase classname="com.comcast.crm.organizationTest.CreateOrganizationTest" name="createOrganizationTest" time="11.819"/>
  <testcase classname="com.comcast.crm.organizationTest.CreateOrganizationTest" name="createOrganizationWithPhoneNumber" time="15.115"/>
  <testcase classname="com.comcast.crm.organizationTest.CreateOrganizationTest" name="createOrganizationWithType" time="12.02"/>
</testsuite> <!-- Default test -->
