<?xml version="1.0" encoding="UTF-8"?>
<testng-results ignored="0" total="3" passed="3" failed="0" skipped="0">
  <reporter-output>
  </reporter-output>
  <suite started-at="2025-05-20T13:16:50 IST" name="Default suite" finished-at="2025-05-20T13:17:48 IST" duration-ms="57586">
    <groups>
      <group name="regressionTest">
        <method signature="CreateOrganizationTest.createOrganizationWithPhoneNumber()[pri:0, instance:com.comcast.crm.organizationTest.CreateOrganizationTest@4d1c00d0]" name="createOrganizationWithPhoneNumber" class="com.comcast.crm.organizationTest.CreateOrganizationTest"/>
        <method signature="CreateOrganizationTest.createOrganizationWithType()[pri:0, instance:com.comcast.crm.organizationTest.CreateOrganizationTest@4d1c00d0]" name="createOrganizationWithType" class="com.comcast.crm.organizationTest.CreateOrganizationTest"/>
      </group> <!-- regressionTest -->
      <group name="smokeTest">
        <method signature="CreateOrganizationTest.createOrganizationTest()[pri:0, instance:com.comcast.crm.organizationTest.CreateOrganizationTest@4d1c00d0]" name="createOrganizationTest" class="com.comcast.crm.organizationTest.CreateOrganizationTest"/>
      </group> <!-- smokeTest -->
    </groups>
    <test started-at="2025-05-20T13:16:50 IST" name="Default test" finished-at="2025-05-20T13:17:48 IST" duration-ms="57586">
      <class name="com.comcast.crm.organizationTest.CreateOrganizationTest">
        <test-method is-config="true" signature="configureBs()[pri:0, instance:com.comcast.crm.organizationTest.CreateOrganizationTest@4d1c00d0]" started-at="2025-05-20T13:16:50 IST" name="configureBs" finished-at="2025-05-20T13:16:50 IST" duration-ms="705" status="PASS">
          <reporter-output>
          </reporter-output>
        </test-method> <!-- configureBs -->
        <test-method is-config="true" signature="configureBc()[pri:0, instance:com.comcast.crm.organizationTest.CreateOrganizationTest@4d1c00d0]" started-at="2025-05-20T13:16:50 IST" name="configureBc" finished-at="2025-05-20T13:16:53 IST" duration-ms="2724" status="PASS">
          <reporter-output>
          </reporter-output>
        </test-method> <!-- configureBc -->
        <test-method is-config="true" signature="configureBM()[pri:0, instance:com.comcast.crm.organizationTest.CreateOrganizationTest@4d1c00d0]" started-at="2025-05-20T13:16:53 IST" name="configureBM" finished-at="2025-05-20T13:16:58 IST" duration-ms="4634" status="PASS">
          <reporter-output>
          </reporter-output>
        </test-method> <!-- configureBM -->
        <test-method signature="createOrganizationTest()[pri:0, instance:com.comcast.crm.organizationTest.CreateOrganizationTest@4d1c00d0]" started-at="2025-05-20T13:16:58 IST" name="createOrganizationTest" finished-at="2025-05-20T13:17:10 IST" duration-ms="11819" status="PASS">
          <reporter-output>
          </reporter-output>
        </test-method> <!-- createOrganizationTest -->
        <test-method is-config="true" signature="configureAM()[pri:0, instance:com.comcast.crm.organizationTest.CreateOrganizationTest@4d1c00d0]" started-at="2025-05-20T13:17:10 IST" name="configureAM" finished-at="2025-05-20T13:17:12 IST" duration-ms="2220" status="PASS">
          <reporter-output>
          </reporter-output>
        </test-method> <!-- configureAM -->
        <test-method is-config="true" signature="configureBM()[pri:0, instance:com.comcast.crm.organizationTest.CreateOrganizationTest@4d1c00d0]" started-at="2025-05-20T13:17:12 IST" name="configureBM" finished-at="2025-05-20T13:17:13 IST" duration-ms="902" status="PASS">
          <reporter-output>
          </reporter-output>
        </test-method> <!-- configureBM -->
        <test-method signature="createOrganizationWithPhoneNumber()[pri:0, instance:com.comcast.crm.organizationTest.CreateOrganizationTest@4d1c00d0]" started-at="2025-05-20T13:17:13 IST" name="createOrganizationWithPhoneNumber" finished-at="2025-05-20T13:17:28 IST" duration-ms="15115" status="PASS">
          <reporter-output>
          </reporter-output>
        </test-method> <!-- createOrganizationWithPhoneNumber -->
        <test-method is-config="true" signature="configureAM()[pri:0, instance:com.comcast.crm.organizationTest.CreateOrganizationTest@4d1c00d0]" started-at="2025-05-20T13:17:28 IST" name="configureAM" finished-at="2025-05-20T13:17:30 IST" duration-ms="1951" status="PASS">
          <reporter-output>
          </reporter-output>
        </test-method> <!-- configureAM -->
        <test-method is-config="true" signature="configureBM()[pri:0, instance:com.comcast.crm.organizationTest.CreateOrganizationTest@4d1c00d0]" started-at="2025-05-20T13:17:30 IST" name="configureBM" finished-at="2025-05-20T13:17:34 IST" duration-ms="3828" status="PASS">
          <reporter-output>
          </reporter-output>
        </test-method> <!-- configureBM -->
        <test-method signature="createOrganizationWithType()[pri:0, instance:com.comcast.crm.organizationTest.CreateOrganizationTest@4d1c00d0]" started-at="2025-05-20T13:17:34 IST" name="createOrganizationWithType" finished-at="2025-05-20T13:17:46 IST" duration-ms="12020" status="PASS">
          <reporter-output>
          </reporter-output>
        </test-method> <!-- createOrganizationWithType -->
        <test-method is-config="true" signature="configureAM()[pri:0, instance:com.comcast.crm.organizationTest.CreateOrganizationTest@4d1c00d0]" started-at="2025-05-20T13:17:46 IST" name="configureAM" finished-at="2025-05-20T13:17:48 IST" duration-ms="2078" status="PASS">
          <reporter-output>
          </reporter-output>
        </test-method> <!-- configureAM -->
        <test-method is-config="true" signature="configureAC()[pri:0, instance:com.comcast.crm.organizationTest.CreateOrganizationTest@4d1c00d0]" started-at="2025-05-20T13:17:48 IST" name="configureAC" finished-at="2025-05-20T13:17:48 IST" duration-ms="204" status="PASS">
          <reporter-output>
          </reporter-output>
        </test-method> <!-- configureAC -->
        <test-method is-config="true" signature="configureAS()[pri:0, instance:com.comcast.crm.organizationTest.CreateOrganizationTest@4d1c00d0]" started-at="2025-05-20T13:17:48 IST" name="configureAS" finished-at="2025-05-20T13:17:48 IST" duration-ms="5" status="PASS">
          <reporter-output>
          </reporter-output>
        </test-method> <!-- configureAS -->
      </class> <!-- com.comcast.crm.organizationTest.CreateOrganizationTest -->
    </test> <!-- Default test -->
  </suite> <!-- Default suite -->
</testng-results>
