<?xml version="1.0" encoding="UTF-8"?>
<testng-results ignored="0" total="6" passed="6" failed="0" skipped="0">
  <reporter-output>
  </reporter-output>
  <suite started-at="2025-05-22T12:19:52 IST" name="Suite" finished-at="2025-05-22T12:22:52 IST" duration-ms="180562">
    <groups>
      <group name="regressionTest">
        <method signature="CreateContactTest.createContactWithSupportDate()[pri:0, instance:com.comcast.crm.contactTest.CreateContactTest@4d1c00d0]" name="createContactWithSupportDate" class="com.comcast.crm.contactTest.CreateContactTest"/>
        <method signature="CreateContactTest.createContactwithOrgTest()[pri:0, instance:com.comcast.crm.contactTest.CreateContactTest@4d1c00d0]" name="createContactwithOrgTest" class="com.comcast.crm.contactTest.CreateContactTest"/>
        <method signature="CreateOrganizationTest.createOrganizationWithPhoneNumber()[pri:0, instance:com.comcast.crm.organizationTest.CreateOrganizationTest@3857f613]" name="createOrganizationWithPhoneNumber" class="com.comcast.crm.organizationTest.CreateOrganizationTest"/>
        <method signature="CreateOrganizationTest.createOrganizationWithType()[pri:0, instance:com.comcast.crm.organizationTest.CreateOrganizationTest@3857f613]" name="createOrganizationWithType" class="com.comcast.crm.organizationTest.CreateOrganizationTest"/>
      </group> <!-- regressionTest -->
      <group name="smokeTest">
        <method signature="CreateContactTest.createContactTest()[pri:0, instance:com.comcast.crm.contactTest.CreateContactTest@4d1c00d0]" name="createContactTest" class="com.comcast.crm.contactTest.CreateContactTest"/>
        <method signature="CreateOrganizationTest.createOrganizationTest()[pri:0, instance:com.comcast.crm.organizationTest.CreateOrganizationTest@3857f613]" name="createOrganizationTest" class="com.comcast.crm.organizationTest.CreateOrganizationTest"/>
      </group> <!-- smokeTest -->
    </groups>
    <test started-at="2025-05-22T12:19:52 IST" name="Test" finished-at="2025-05-22T12:22:52 IST" duration-ms="180562">
      <class name="com.comcast.crm.contactTest.CreateContactTest">
        <test-method is-config="true" signature="configureBc()[pri:0, instance:com.comcast.crm.contactTest.CreateContactTest@4d1c00d0]" started-at="2025-05-22T12:21:48 IST" name="configureBc" finished-at="2025-05-22T12:21:49 IST" duration-ms="1161" status="PASS">
          <reporter-output>
          </reporter-output>
        </test-method> <!-- configureBc -->
        <test-method is-config="true" signature="configureBM()[pri:0, instance:com.comcast.crm.contactTest.CreateContactTest@4d1c00d0]" started-at="2025-05-22T12:21:49 IST" name="configureBM" finished-at="2025-05-22T12:21:50 IST" duration-ms="1486" status="PASS">
          <reporter-output>
          </reporter-output>
        </test-method> <!-- configureBM -->
        <test-method signature="createContactTest()[pri:0, instance:com.comcast.crm.contactTest.CreateContactTest@4d1c00d0]" started-at="2025-05-22T12:21:50 IST" name="createContactTest" finished-at="2025-05-22T12:22:05 IST" duration-ms="14582" status="PASS">
          <reporter-output>
          </reporter-output>
        </test-method> <!-- createContactTest -->
        <test-method is-config="true" signature="configureAM()[pri:0, instance:com.comcast.crm.contactTest.CreateContactTest@4d1c00d0]" started-at="2025-05-22T12:22:05 IST" name="configureAM" finished-at="2025-05-22T12:22:07 IST" duration-ms="1940" status="PASS">
          <reporter-output>
          </reporter-output>
        </test-method> <!-- configureAM -->
        <test-method is-config="true" signature="configureBM()[pri:0, instance:com.comcast.crm.contactTest.CreateContactTest@4d1c00d0]" started-at="2025-05-22T12:22:07 IST" name="configureBM" finished-at="2025-05-22T12:22:07 IST" duration-ms="766" status="PASS">
          <reporter-output>
          </reporter-output>
        </test-method> <!-- configureBM -->
        <test-method signature="createContactWithSupportDate()[pri:0, instance:com.comcast.crm.contactTest.CreateContactTest@4d1c00d0]" started-at="2025-05-22T12:22:07 IST" name="createContactWithSupportDate" finished-at="2025-05-22T12:22:22 IST" duration-ms="14213" status="PASS">
          <reporter-output>
          </reporter-output>
        </test-method> <!-- createContactWithSupportDate -->
        <test-method is-config="true" signature="configureAM()[pri:0, instance:com.comcast.crm.contactTest.CreateContactTest@4d1c00d0]" started-at="2025-05-22T12:22:22 IST" name="configureAM" finished-at="2025-05-22T12:22:24 IST" duration-ms="1932" status="PASS">
          <reporter-output>
          </reporter-output>
        </test-method> <!-- configureAM -->
        <test-method is-config="true" signature="configureBM()[pri:0, instance:com.comcast.crm.contactTest.CreateContactTest@4d1c00d0]" started-at="2025-05-22T12:22:24 IST" name="configureBM" finished-at="2025-05-22T12:22:24 IST" duration-ms="846" status="PASS">
          <reporter-output>
          </reporter-output>
        </test-method> <!-- configureBM -->
        <test-method signature="createContactwithOrgTest()[pri:0, instance:com.comcast.crm.contactTest.CreateContactTest@4d1c00d0]" started-at="2025-05-22T12:22:24 IST" name="createContactwithOrgTest" finished-at="2025-05-22T12:22:50 IST" duration-ms="25864" status="PASS">
          <reporter-output>
          </reporter-output>
        </test-method> <!-- createContactwithOrgTest -->
        <test-method is-config="true" signature="configureAM()[pri:0, instance:com.comcast.crm.contactTest.CreateContactTest@4d1c00d0]" started-at="2025-05-22T12:22:50 IST" name="configureAM" finished-at="2025-05-22T12:22:52 IST" duration-ms="1778" status="PASS">
          <reporter-output>
          </reporter-output>
        </test-method> <!-- configureAM -->
        <test-method is-config="true" signature="configureAC()[pri:0, instance:com.comcast.crm.contactTest.CreateContactTest@4d1c00d0]" started-at="2025-05-22T12:22:52 IST" name="configureAC" finished-at="2025-05-22T12:22:52 IST" duration-ms="277" status="PASS">
          <reporter-output>
          </reporter-output>
        </test-method> <!-- configureAC -->
      </class> <!-- com.comcast.crm.contactTest.CreateContactTest -->
      <class name="com.comcast.crm.organizationTest.CreateOrganizationTest">
        <test-method is-config="true" signature="configureBs()[pri:0, instance:com.comcast.crm.organizationTest.CreateOrganizationTest@3857f613]" started-at="2025-05-22T12:19:51 IST" name="configureBs" finished-at="2025-05-22T12:19:52 IST" duration-ms="632" status="PASS">
          <reporter-output>
          </reporter-output>
        </test-method> <!-- configureBs -->
        <test-method is-config="true" signature="configureBc()[pri:0, instance:com.comcast.crm.organizationTest.CreateOrganizationTest@3857f613]" started-at="2025-05-22T12:19:52 IST" name="configureBc" finished-at="2025-05-22T12:19:58 IST" duration-ms="6165" status="PASS">
          <reporter-output>
          </reporter-output>
        </test-method> <!-- configureBc -->
        <test-method is-config="true" signature="configureBM()[pri:0, instance:com.comcast.crm.organizationTest.CreateOrganizationTest@3857f613]" started-at="2025-05-22T12:19:58 IST" name="configureBM" finished-at="2025-05-22T12:20:23 IST" duration-ms="24710" status="PASS">
          <reporter-output>
          </reporter-output>
        </test-method> <!-- configureBM -->
        <test-method signature="createOrganizationTest()[pri:0, instance:com.comcast.crm.organizationTest.CreateOrganizationTest@3857f613]" started-at="2025-05-22T12:20:23 IST" name="createOrganizationTest" finished-at="2025-05-22T12:21:09 IST" duration-ms="45838" status="PASS">
          <reporter-output>
          </reporter-output>
        </test-method> <!-- createOrganizationTest -->
        <test-method is-config="true" signature="configureAM()[pri:0, instance:com.comcast.crm.organizationTest.CreateOrganizationTest@3857f613]" started-at="2025-05-22T12:21:09 IST" name="configureAM" finished-at="2025-05-22T12:21:12 IST" duration-ms="3291" status="PASS">
          <reporter-output>
          </reporter-output>
        </test-method> <!-- configureAM -->
        <test-method is-config="true" signature="configureBM()[pri:0, instance:com.comcast.crm.organizationTest.CreateOrganizationTest@3857f613]" started-at="2025-05-22T12:21:12 IST" name="configureBM" finished-at="2025-05-22T12:21:13 IST" duration-ms="853" status="PASS">
          <reporter-output>
          </reporter-output>
        </test-method> <!-- configureBM -->
        <test-method signature="createOrganizationWithPhoneNumber()[pri:0, instance:com.comcast.crm.organizationTest.CreateOrganizationTest@3857f613]" started-at="2025-05-22T12:21:13 IST" name="createOrganizationWithPhoneNumber" finished-at="2025-05-22T12:21:27 IST" duration-ms="13830" status="PASS">
          <reporter-output>
          </reporter-output>
        </test-method> <!-- createOrganizationWithPhoneNumber -->
        <test-method is-config="true" signature="configureAM()[pri:0, instance:com.comcast.crm.organizationTest.CreateOrganizationTest@3857f613]" started-at="2025-05-22T12:21:27 IST" name="configureAM" finished-at="2025-05-22T12:21:28 IST" duration-ms="1863" status="PASS">
          <reporter-output>
          </reporter-output>
        </test-method> <!-- configureAM -->
        <test-method is-config="true" signature="configureBM()[pri:0, instance:com.comcast.crm.organizationTest.CreateOrganizationTest@3857f613]" started-at="2025-05-22T12:21:28 IST" name="configureBM" finished-at="2025-05-22T12:21:32 IST" duration-ms="3875" status="PASS">
          <reporter-output>
          </reporter-output>
        </test-method> <!-- configureBM -->
        <test-method signature="createOrganizationWithType()[pri:0, instance:com.comcast.crm.organizationTest.CreateOrganizationTest@3857f613]" started-at="2025-05-22T12:21:32 IST" name="createOrganizationWithType" finished-at="2025-05-22T12:21:45 IST" duration-ms="12516" status="PASS">
          <reporter-output>
          </reporter-output>
        </test-method> <!-- createOrganizationWithType -->
        <test-method is-config="true" signature="configureAM()[pri:0, instance:com.comcast.crm.organizationTest.CreateOrganizationTest@3857f613]" started-at="2025-05-22T12:21:45 IST" name="configureAM" finished-at="2025-05-22T12:21:47 IST" duration-ms="2263" status="PASS">
          <reporter-output>
          </reporter-output>
        </test-method> <!-- configureAM -->
        <test-method is-config="true" signature="configureAC()[pri:0, instance:com.comcast.crm.organizationTest.CreateOrganizationTest@3857f613]" started-at="2025-05-22T12:21:47 IST" name="configureAC" finished-at="2025-05-22T12:21:48 IST" duration-ms="436" status="PASS">
          <reporter-output>
          </reporter-output>
        </test-method> <!-- configureAC -->
        <test-method is-config="true" signature="configureAS()[pri:0, instance:com.comcast.crm.organizationTest.CreateOrganizationTest@3857f613]" started-at="2025-05-22T12:22:52 IST" name="configureAS" finished-at="2025-05-22T12:22:52 IST" duration-ms="6" status="PASS">
          <reporter-output>
          </reporter-output>
        </test-method> <!-- configureAS -->
      </class> <!-- com.comcast.crm.organizationTest.CreateOrganizationTest -->
    </test> <!-- Test -->
  </suite> <!-- Suite -->
</testng-results>
