<?xml version="1.0" encoding="UTF-8"?>
<!-- Generated by org.testng.reporters.JUnitXMLReporter -->
<testsuite ignored="2" hostname="DESKTOP-7S66NTI" failures="0" tests="6" name="TestRunner-chrome" time="86.076" errors="0" timestamp="2025-05-10T13:44:55 IST">
  <testcase classname="com.comcast.crm.organizationTest.CreateOrganizationTest" name="createOrganizationTest" time="11.832"/>
  <testcase classname="com.comcast.crm.organizationTest.CreateOrganizationTest" name="createOrganizationWithPhoneNumber" time="9.598"/>
  <testcase classname="com.comcast.crm.organizationTest.CreateOrganizationTest" name="createOrganizationWithType" time="10.895"/>
  <testcase classname="com.comcast.crm.contactTest.CreateContactTest" name="createContactTest" time="10.285"/>
  <testcase classname="com.comcast.crm.contactTest.CreateContactTest" name="createContactWithSupportDate" time="10.069"/>
  <testcase classname="com.comcast.crm.contactTest.CreateContactTest" name="createContactwithOrgTest" time="15.904"/>
  <testcase classname="com.comcast.crm.generic.baseutility.BaseClass" name="@BeforeSuite configureBs" time="0.0">
    <ignored/>
  </testcase> <!-- @BeforeSuite configureBs -->
  <testcase classname="com.comcast.crm.generic.baseutility.BaseClass" name="@AfterSuite configureAS" time="0.0">
    <ignored/>
  </testcase> <!-- @AfterSuite configureAS -->
</testsuite> <!-- TestRunner-chrome -->
