<?xml version="1.0" encoding="UTF-8"?>
<!-- Generated by org.testng.reporters.JUnitXMLReporter -->
<testsuite ignored="2" hostname="DESKTOP-7S66NTI" failures="0" tests="6" name="Test" time="180.562" errors="0" timestamp="2025-05-22T12:22:52 IST">
  <testcase classname="com.comcast.crm.organizationTest.CreateOrganizationTest" name="createOrganizationTest" time="45.838"/>
  <testcase classname="com.comcast.crm.organizationTest.CreateOrganizationTest" name="createOrganizationWithPhoneNumber" time="13.83"/>
  <testcase classname="com.comcast.crm.organizationTest.CreateOrganizationTest" name="createOrganizationWithType" time="12.516"/>
  <testcase classname="com.comcast.crm.contactTest.CreateContactTest" name="createContactTest" time="14.582"/>
  <testcase classname="com.comcast.crm.contactTest.CreateContactTest" name="createContactWithSupportDate" time="14.213"/>
  <testcase classname="com.comcast.crm.contactTest.CreateContactTest" name="createContactwithOrgTest" time="25.864"/>
  <testcase classname="com.comcast.crm.generic.baseutility.BaseClass" name="@BeforeSuite configureBs" time="0.0">
    <ignored/>
  </testcase> <!-- @BeforeSuite configureBs -->
  <testcase classname="com.comcast.crm.generic.baseutility.BaseClass" name="@AfterSuite configureAS" time="0.0">
    <ignored/>
  </testcase> <!-- @AfterSuite configureAS -->
</testsuite> <!-- Test -->
