<?xml version="1.0" encoding="UTF-8"?>
<!-- Generated by org.testng.reporters.JUnitXMLReporter -->
<testsuite ignored="2" hostname="DESKTOP-7S66NTI" failures="0" tests="1" name="Test" time="18.701" errors="0" timestamp="2025-05-15T15:54:08 IST">
  <testcase classname="com.comcast.crm.organizationTest.CreateOrganizationTest" name="createOrganizationTest" time="13.534"/>
  <testcase classname="com.comcast.crm.organizationTest.CreateOrganizationTest" name="createOrganizationWithPhoneNumber" time="0.0">
    <ignored/>
  </testcase> <!-- createOrganizationWithPhoneNumber -->
  <testcase classname="com.comcast.crm.organizationTest.CreateOrganizationTest" name="createOrganizationWithType" time="0.0">
    <ignored/>
  </testcase> <!-- createOrganizationWithType -->
</testsuite> <!-- Test -->
