<?xml version="1.0" encoding="UTF-8"?>
<!-- Generated by org.testng.reporters.JUnitXMLReporter -->
<testsuite ignored="2" hostname="DESKTOP-7S66NTI" failures="0" tests="6" name="TestRunner-edge" time="89.753" errors="0" timestamp="2025-05-10T13:44:58 IST">
  <testcase classname="com.comcast.crm.organizationTest.CreateOrganizationTest" name="createOrganizationTest" time="8.076"/>
  <testcase classname="com.comcast.crm.organizationTest.CreateOrganizationTest" name="createOrganizationWithPhoneNumber" time="7.747"/>
  <testcase classname="com.comcast.crm.organizationTest.CreateOrganizationTest" name="createOrganizationWithType" time="8.566"/>
  <testcase classname="com.comcast.crm.contactTest.CreateContactTest" name="createContactTest" time="7.771"/>
  <testcase classname="com.comcast.crm.contactTest.CreateContactTest" name="createContactWithSupportDate" time="8.218"/>
  <testcase classname="com.comcast.crm.contactTest.CreateContactTest" name="createContactwithOrgTest" time="15.35"/>
  <testcase classname="com.comcast.crm.generic.baseutility.BaseClass" name="@BeforeSuite configureBs" time="0.0">
    <ignored/>
  </testcase> <!-- @BeforeSuite configureBs -->
  <testcase classname="com.comcast.crm.generic.baseutility.BaseClass" name="@AfterSuite configureAS" time="0.0">
    <ignored/>
  </testcase> <!-- @AfterSuite configureAS -->
</testsuite> <!-- TestRunner-edge -->
